<?xml version="1.0" encoding="UTF-8"?>
<testsuite xmlns:xsi="http://www.w3.org/2001/XMLSchema-instance" xsi:noNamespaceSchemaLocation="https://maven.apache.org/surefire/maven-surefire-plugin/xsd/surefire-test-report.xsd" name="com.nsa.spicybot.AppTest" time="0.22" tests="1" errors="0" skipped="0" failures="0">
  <properties>
    <property name="sun.desktop" value="windows"/>
    <property name="awt.toolkit" value="sun.awt.windows.WToolkit"/>
    <property name="java.specification.version" value="9"/>
    <property name="file.encoding.pkg" value="sun.io"/>
    <property name="sun.cpu.isalist" value="amd64"/>
    <property name="sun.jnu.encoding" value="Cp1252"/>
    <property name="java.class.path" value="C:\Users\0001077192\Saved Games\Eclipse Oxygen\Discord Bot Workspace\spicybot\target\test-classes;C:\Users\0001077192\Saved Games\Eclipse Oxygen\Discord Bot Workspace\spicybot\target\classes;C:\Users\0001077192\.m2\repository\junit\junit\4.11\junit-4.11.jar;C:\Users\0001077192\.m2\repository\org\hamcrest\hamcrest-core\1.3\hamcrest-core-1.3.jar;C:\Users\0001077192\.m2\repository\net\dv8tion\JDA\3.6.0_365\JDA-3.6.0_365.jar;C:\Users\0001077192\.m2\repository\com\google\code\findbugs\jsr305\3.0.2\jsr305-3.0.2.jar;C:\Users\0001077192\.m2\repository\org\slf4j\slf4j-api\1.7.25\slf4j-api-1.7.25.jar;C:\Users\0001077192\.m2\repository\org\apache\commons\commons-collections4\4.1\commons-collections4-4.1.jar;C:\Users\0001077192\.m2\repository\org\json\json\20160810\json-20160810.jar;C:\Users\0001077192\.m2\repository\net\sf\trove4j\trove4j\3.0.3\trove4j-3.0.3.jar;C:\Users\0001077192\.m2\repository\net\java\dev\jna\jna\4.4.0\jna-4.4.0.jar;C:\Users\0001077192\.m2\repository\com\neovisionaries\nv-websocket-client\2.2\nv-websocket-client-2.2.jar;C:\Users\0001077192\.m2\repository\com\squareup\okhttp3\okhttp\3.8.1\okhttp-3.8.1.jar;C:\Users\0001077192\.m2\repository\com\squareup\okio\okio\1.13.0\okio-1.13.0.jar;"/>
    <property name="java.vm.vendor" value="Oracle Corporation"/>
    <property name="sun.arch.data.model" value="64"/>
    <property name="user.variant" value=""/>
    <property name="java.vendor.url" value="http://java.oracle.com/"/>
    <property name="user.timezone" value=""/>
    <property name="java.vm.specification.version" value="9"/>
    <property name="os.name" value="Windows 10"/>
    <property name="sun.java.launcher" value="SUN_STANDARD"/>
    <property name="user.country" value="US"/>
    <property name="sun.boot.library.path" value="C:\Users\0001077192\Saved Games\JDK-9\bin"/>
    <property name="sun.java.command" value="C:\Users\000107~1\AppData\Local\Temp\surefire4663123822579656599\surefirebooter8379000826713138366.jar C:\Users\0001077192\AppData\Local\Temp\surefire4663123822579656599 2018-05-16T14-40-52_683-jvmRun1 surefire16545010619982939102tmp surefire_016836088021649715484tmp"/>
    <property name="jdk.debug" value="release"/>
    <property name="surefire.test.class.path" value="C:\Users\0001077192\Saved Games\Eclipse Oxygen\Discord Bot Workspace\spicybot\target\test-classes;C:\Users\0001077192\Saved Games\Eclipse Oxygen\Discord Bot Workspace\spicybot\target\classes;C:\Users\0001077192\.m2\repository\junit\junit\4.11\junit-4.11.jar;C:\Users\0001077192\.m2\repository\org\hamcrest\hamcrest-core\1.3\hamcrest-core-1.3.jar;C:\Users\0001077192\.m2\repository\net\dv8tion\JDA\3.6.0_365\JDA-3.6.0_365.jar;C:\Users\0001077192\.m2\repository\com\google\code\findbugs\jsr305\3.0.2\jsr305-3.0.2.jar;C:\Users\0001077192\.m2\repository\org\slf4j\slf4j-api\1.7.25\slf4j-api-1.7.25.jar;C:\Users\0001077192\.m2\repository\org\apache\commons\commons-collections4\4.1\commons-collections4-4.1.jar;C:\Users\0001077192\.m2\repository\org\json\json\20160810\json-20160810.jar;C:\Users\0001077192\.m2\repository\net\sf\trove4j\trove4j\3.0.3\trove4j-3.0.3.jar;C:\Users\0001077192\.m2\repository\net\java\dev\jna\jna\4.4.0\jna-4.4.0.jar;C:\Users\0001077192\.m2\repository\com\neovisionaries\nv-websocket-client\2.2\nv-websocket-client-2.2.jar;C:\Users\0001077192\.m2\repository\com\squareup\okhttp3\okhttp\3.8.1\okhttp-3.8.1.jar;C:\Users\0001077192\.m2\repository\com\squareup\okio\okio\1.13.0\okio-1.13.0.jar;"/>
    <property name="sun.cpu.endian" value="little"/>
    <property name="user.home" value="C:\Users\0001077192"/>
    <property name="user.language" value="en"/>
    <property name="java.specification.vendor" value="Oracle Corporation"/>
    <property name="java.home" value="C:\Users\0001077192\Saved Games\JDK-9"/>
    <property name="file.separator" value="\"/>
    <property name="basedir" value="C:\Users\0001077192\Saved Games\Eclipse Oxygen\Discord Bot Workspace\spicybot"/>
    <property name="java.vm.compressedOopsMode" value="32-bit"/>
    <property name="line.separator" value="&#10;"/>
    <property name="java.vm.specification.vendor" value="Oracle Corporation"/>
    <property name="java.specification.name" value="Java Platform API Specification"/>
    <property name="java.awt.graphicsenv" value="sun.awt.Win32GraphicsEnvironment"/>
    <property name="surefire.real.class.path" value="C:\Users\000107~1\AppData\Local\Temp\surefire4663123822579656599\surefirebooter8379000826713138366.jar"/>
    <property name="user.script" value=""/>
    <property name="sun.management.compiler" value="HotSpot 64-Bit Tiered Compilers"/>
    <property name="java.runtime.version" value="9.0.1+11"/>
    <property name="user.name" value="0001077192"/>
    <property name="path.separator" value=";"/>
    <property name="os.version" value="10.0"/>
    <property name="java.runtime.name" value="Java(TM) SE Runtime Environment"/>
    <property name="file.encoding" value="Cp1252"/>
    <property name="java.vm.name" value="Java HotSpot(TM) 64-Bit Server VM"/>
    <property name="localRepository" value="C:\Users\0001077192\.m2\repository"/>
    <property name="java.vendor.url.bug" value="http://bugreport.java.com/bugreport/"/>
    <property name="java.io.tmpdir" value="C:\Users\000107~1\AppData\Local\Temp\"/>
    <property name="java.version" value="9.0.1"/>
    <property name="user.dir" value="C:\Users\0001077192\Saved Games\Eclipse Oxygen\Discord Bot Workspace\spicybot"/>
    <property name="os.arch" value="amd64"/>
    <property name="java.vm.specification.name" value="Java Virtual Machine Specification"/>
    <property name="java.awt.printerjob" value="sun.awt.windows.WPrinterJob"/>
    <property name="sun.os.patch.level" value=""/>
    <property name="java.library.path" value="C:\Users\0001077192\Saved Games\JDK-9\bin;C:\windows\Sun\Java\bin;C:\windows\system32;C:\windows;C:/Program Files (x86)/Java/jre1.8.0_91/bin/client;C:/Program Files (x86)/Java/jre1.8.0_91/bin;C:/Program Files (x86)/Java/jre1.8.0_91/lib/i386;C:\Program Files (x86)\Intel\TXE Components\TCS\;C:\Program Files\Intel\TXE Components\TCS\;C:\ProgramData\Oracle\Java\javapath;C:\windows\system32;C:\windows;C:\windows\System32\Wbem;C:\windows\System32\WindowsPowerShell\v1.0\;C:\Users\0001077192\AppData\Local\Microsoft\WindowsApps;C:\JDK\bin\;C:\Users\0001077192\AppData\Local\GitHubDesktop\bin;C:\Users\0001077192\Saved Games\Eclipse Oxygen;;."/>
    <property name="java.vm.info" value="mixed mode"/>
    <property name="java.vendor" value="Oracle Corporation"/>
    <property name="java.vm.version" value="9.0.1+11"/>
    <property name="sun.io.unicode.encoding" value="UnicodeLittle"/>
    <property name="java.class.version" value="53.0"/>
  </properties>
  <testcase name="shouldAnswerWithTrue" classname="com.nsa.spicybot.AppTest" time="0.009"/>
</testsuite>